c:\users\aaron\onedrive\documents\msu shit\cse\cse 335 - software design\step 5\canadian\canadianexperience\canadianexperience\debug\canadianexperience.pch
c:\users\aaron\onedrive\documents\msu shit\cse\cse 335 - software design\step 5\canadian\canadianexperience\canadianexperience\debug\vc141.pdb
c:\users\aaron\onedrive\documents\msu shit\cse\cse 335 - software design\step 5\canadian\canadianexperience\canadianexperience\debug\vc141.idb
c:\users\aaron\onedrive\documents\msu shit\cse\cse 335 - software design\step 5\canadian\canadianexperience\canadianexperience\debug\stdafx.obj
c:\users\aaron\onedrive\documents\msu shit\cse\cse 335 - software design\step 5\canadian\canadianexperience\canadianexperience\debug\actor.obj
c:\users\aaron\onedrive\documents\msu shit\cse\cse 335 - software design\step 5\canadian\canadianexperience\canadianexperience\debug\actorfactory.obj
c:\users\aaron\onedrive\documents\msu shit\cse\cse 335 - software design\step 5\canadian\canadianexperience\canadianexperience\debug\baldyfactory.obj
c:\users\aaron\onedrive\documents\msu shit\cse\cse 335 - software design\step 5\canadian\canadianexperience\canadianexperience\debug\canadianexperience.obj
c:\users\aaron\onedrive\documents\msu shit\cse\cse 335 - software design\step 5\canadian\canadianexperience\canadianexperience\debug\haroldfactory.obj
c:\users\aaron\onedrive\documents\msu shit\cse\cse 335 - software design\step 5\canadian\canadianexperience\canadianexperience\debug\headtop.obj
c:\users\aaron\onedrive\documents\msu shit\cse\cse 335 - software design\step 5\canadian\canadianexperience\canadianexperience\debug\imagedrawable.obj
c:\users\aaron\onedrive\documents\msu shit\cse\cse 335 - software design\step 5\canadian\canadianexperience\canadianexperience\debug\picturefactory.obj
c:\users\aaron\onedrive\documents\msu shit\cse\cse 335 - software design\step 5\canadian\canadianexperience\canadianexperience\debug\polydrawable.obj
c:\users\aaron\onedrive\documents\msu shit\cse\cse 335 - software design\step 5\canadian\canadianexperience\canadianexperience\debug\drawable.obj
c:\users\aaron\onedrive\documents\msu shit\cse\cse 335 - software design\step 5\canadian\canadianexperience\canadianexperience\debug\mainfrm.obj
c:\users\aaron\onedrive\documents\msu shit\cse\cse 335 - software design\step 5\canadian\canadianexperience\canadianexperience\debug\picture.obj
c:\users\aaron\onedrive\documents\msu shit\cse\cse 335 - software design\step 5\canadian\canadianexperience\canadianexperience\debug\pictureobserver.obj
c:\users\aaron\onedrive\documents\msu shit\cse\cse 335 - software design\step 5\canadian\canadianexperience\canadianexperience\debug\viewedit.obj
c:\users\aaron\onedrive\documents\msu shit\cse\cse 335 - software design\step 5\canadian\canadianexperience\canadianexperience\debug\viewtimeline.obj
c:\users\aaron\onedrive\documents\msu shit\cse\cse 335 - software design\project2starter\canadianexperience\canadianexperience\debug\canadianexperience.pch
c:\users\aaron\onedrive\documents\msu shit\cse\cse 335 - software design\project2starter\canadianexperience\canadianexperience\debug\vc141.pdb
c:\users\aaron\onedrive\documents\msu shit\cse\cse 335 - software design\project2starter\canadianexperience\canadianexperience\debug\vc141.idb
c:\users\aaron\onedrive\documents\msu shit\cse\cse 335 - software design\project2starter\canadianexperience\canadianexperience\debug\stdafx.obj
c:\users\aaron\onedrive\documents\msu shit\cse\cse 335 - software design\project2starter\canadianexperience\canadianexperience\debug\actor.obj
c:\users\aaron\onedrive\documents\msu shit\cse\cse 335 - software design\project2starter\canadianexperience\canadianexperience\debug\actorfactory.obj
c:\users\aaron\onedrive\documents\msu shit\cse\cse 335 - software design\project2starter\canadianexperience\canadianexperience\debug\animchannel.obj
c:\users\aaron\onedrive\documents\msu shit\cse\cse 335 - software design\project2starter\canadianexperience\canadianexperience\debug\animchannelangle.obj
c:\users\aaron\onedrive\documents\msu shit\cse\cse 335 - software design\project2starter\canadianexperience\canadianexperience\debug\animchannelposition.obj
c:\users\aaron\onedrive\documents\msu shit\cse\cse 335 - software design\project2starter\canadianexperience\canadianexperience\debug\baldyfactory.obj
c:\users\aaron\onedrive\documents\msu shit\cse\cse 335 - software design\project2starter\canadianexperience\canadianexperience\debug\canadianexperience.obj
c:\users\aaron\onedrive\documents\msu shit\cse\cse 335 - software design\project2starter\canadianexperience\canadianexperience\debug\haroldfactory.obj
c:\users\aaron\onedrive\documents\msu shit\cse\cse 335 - software design\project2starter\canadianexperience\canadianexperience\debug\headtop.obj
c:\users\aaron\onedrive\documents\msu shit\cse\cse 335 - software design\project2starter\canadianexperience\canadianexperience\debug\imagedrawable.obj
c:\users\aaron\onedrive\documents\msu shit\cse\cse 335 - software design\project2starter\canadianexperience\canadianexperience\debug\picturefactory.obj
c:\users\aaron\onedrive\documents\msu shit\cse\cse 335 - software design\project2starter\canadianexperience\canadianexperience\debug\polydrawable.obj
c:\users\aaron\onedrive\documents\msu shit\cse\cse 335 - software design\project2starter\canadianexperience\canadianexperience\debug\drawable.obj
c:\users\aaron\onedrive\documents\msu shit\cse\cse 335 - software design\project2starter\canadianexperience\canadianexperience\debug\mainfrm.obj
c:\users\aaron\onedrive\documents\msu shit\cse\cse 335 - software design\project2starter\canadianexperience\canadianexperience\debug\picture.obj
c:\users\aaron\onedrive\documents\msu shit\cse\cse 335 - software design\project2starter\canadianexperience\canadianexperience\debug\pictureobserver.obj
c:\users\aaron\onedrive\documents\msu shit\cse\cse 335 - software design\project2starter\canadianexperience\canadianexperience\debug\timeline.obj
c:\users\aaron\onedrive\documents\msu shit\cse\cse 335 - software design\project2starter\canadianexperience\canadianexperience\debug\timelinedlg.obj
c:\users\aaron\onedrive\documents\msu shit\cse\cse 335 - software design\project2starter\canadianexperience\canadianexperience\debug\viewedit.obj
c:\users\aaron\onedrive\documents\msu shit\cse\cse 335 - software design\project2starter\canadianexperience\canadianexperience\debug\viewtimeline.obj
c:\users\aaron\onedrive\documents\msu shit\cse\cse 335 - software design\step 6\canadianexperience\canadianexperience\debug\canadianexperience.pch
c:\users\aaron\onedrive\documents\msu shit\cse\cse 335 - software design\step 6\canadianexperience\canadianexperience\debug\vc141.pdb
c:\users\aaron\onedrive\documents\msu shit\cse\cse 335 - software design\step 6\canadianexperience\canadianexperience\debug\vc141.idb
c:\users\aaron\onedrive\documents\msu shit\cse\cse 335 - software design\step 6\canadianexperience\canadianexperience\debug\stdafx.obj
c:\users\aaron\onedrive\documents\msu shit\cse\cse 335 - software design\step 6\canadianexperience\canadianexperience\debug\actor.obj
c:\users\aaron\onedrive\documents\msu shit\cse\cse 335 - software design\step 6\canadianexperience\canadianexperience\debug\actorfactory.obj
c:\users\aaron\onedrive\documents\msu shit\cse\cse 335 - software design\step 6\canadianexperience\canadianexperience\debug\animchannel.obj
c:\users\aaron\onedrive\documents\msu shit\cse\cse 335 - software design\step 6\canadianexperience\canadianexperience\debug\animchannelangle.obj
c:\users\aaron\onedrive\documents\msu shit\cse\cse 335 - software design\step 6\canadianexperience\canadianexperience\debug\animchannelposition.obj
c:\users\aaron\onedrive\documents\msu shit\cse\cse 335 - software design\step 6\canadianexperience\canadianexperience\debug\baldyfactory.obj
c:\users\aaron\onedrive\documents\msu shit\cse\cse 335 - software design\step 6\canadianexperience\canadianexperience\debug\canadianexperience.obj
c:\users\aaron\onedrive\documents\msu shit\cse\cse 335 - software design\step 6\canadianexperience\canadianexperience\debug\drawable.obj
c:\users\aaron\onedrive\documents\msu shit\cse\cse 335 - software design\step 6\canadianexperience\canadianexperience\debug\haroldfactory.obj
c:\users\aaron\onedrive\documents\msu shit\cse\cse 335 - software design\step 6\canadianexperience\canadianexperience\debug\headtop.obj
c:\users\aaron\onedrive\documents\msu shit\cse\cse 335 - software design\step 6\canadianexperience\canadianexperience\debug\imagedrawable.obj
c:\users\aaron\onedrive\documents\msu shit\cse\cse 335 - software design\step 6\canadianexperience\canadianexperience\debug\mainfrm.obj
c:\users\aaron\onedrive\documents\msu shit\cse\cse 335 - software design\step 6\canadianexperience\canadianexperience\debug\picture.obj
c:\users\aaron\onedrive\documents\msu shit\cse\cse 335 - software design\step 6\canadianexperience\canadianexperience\debug\picturefactory.obj
c:\users\aaron\onedrive\documents\msu shit\cse\cse 335 - software design\step 6\canadianexperience\canadianexperience\debug\pictureobserver.obj
c:\users\aaron\onedrive\documents\msu shit\cse\cse 335 - software design\step 6\canadianexperience\canadianexperience\debug\polydrawable.obj
c:\users\aaron\onedrive\documents\msu shit\cse\cse 335 - software design\step 6\canadianexperience\canadianexperience\debug\timeline.obj
c:\users\aaron\onedrive\documents\msu shit\cse\cse 335 - software design\step 6\canadianexperience\canadianexperience\debug\timelinedlg.obj
c:\users\aaron\onedrive\documents\msu shit\cse\cse 335 - software design\step 6\canadianexperience\canadianexperience\debug\viewedit.obj
c:\users\aaron\onedrive\documents\msu shit\cse\cse 335 - software design\step 6\canadianexperience\canadianexperience\debug\viewtimeline.obj
c:\users\aaron\onedrive\documents\msu shit\cse\cse 335 - software design\project2starter\canadianexperience\debug\canadianexperience.exe
c:\users\aaron\onedrive\documents\msu shit\cse\cse 335 - software design\project2starter\canadianexperience\debug\canadianexperience.ilk
c:\users\aaron\onedrive\documents\msu shit\cse\cse 335 - software design\project2starter\canadianexperience\debug\canadianexperience.pdb
c:\users\aaron\onedrive\documents\msu shit\cse\cse 335 - software design\step 6\canadianexperience\debug\canadianexperience.exe
c:\users\aaron\onedrive\documents\msu shit\cse\cse 335 - software design\step 6\canadianexperience\debug\canadianexperience.ilk
c:\users\aaron\onedrive\documents\msu shit\cse\cse 335 - software design\step 6\canadianexperience\debug\canadianexperience.pdb
c:\users\aaron\onedrive\documents\msu shit\cse\cse 335 - software design\step 5\canadian\canadianexperience\canadianexperience\debug\canadianexperience.res
c:\users\aaron\onedrive\documents\msu shit\cse\cse 335 - software design\step 5\canadian\canadianexperience\canadianexperience\debug\canadianexperience1.res
c:\users\aaron\onedrive\documents\msu shit\cse\cse 335 - software design\step 5\canadian\canadianexperience\canadianexperience\debug\canadianexperience2.res
c:\users\aaron\onedrive\documents\msu shit\cse\cse 335 - software design\project2starter\canadianexperience\canadianexperience\debug\canadianexperience.res
c:\users\aaron\onedrive\documents\msu shit\cse\cse 335 - software design\project2starter\canadianexperience\canadianexperience\debug\canadianexperience1.res
c:\users\aaron\onedrive\documents\msu shit\cse\cse 335 - software design\project2starter\canadianexperience\canadianexperience\debug\canadianexperience2.res
c:\users\aaron\onedrive\documents\msu shit\cse\cse 335 - software design\step 6\canadianexperience\canadianexperience\debug\canadianexperience.res
c:\users\aaron\onedrive\documents\msu shit\cse\cse 335 - software design\step 6\canadianexperience\canadianexperience\debug\canadianexperience1.res
c:\users\aaron\onedrive\documents\msu shit\cse\cse 335 - software design\step 6\canadianexperience\canadianexperience\debug\canadianexperience2.res
c:\users\aaron\onedrive\documents\msu shit\cse\cse 335 - software design\step 6\canadianexperience\canadianexperience\debug\canadian.cf406c07.tlog\cl.command.1.tlog
c:\users\aaron\onedrive\documents\msu shit\cse\cse 335 - software design\step 6\canadianexperience\canadianexperience\debug\canadian.cf406c07.tlog\cl.read.1.tlog
c:\users\aaron\onedrive\documents\msu shit\cse\cse 335 - software design\step 6\canadianexperience\canadianexperience\debug\canadian.cf406c07.tlog\cl.write.1.tlog
c:\users\aaron\onedrive\documents\msu shit\cse\cse 335 - software design\step 6\canadianexperience\canadianexperience\debug\canadian.cf406c07.tlog\link.command.1.tlog
c:\users\aaron\onedrive\documents\msu shit\cse\cse 335 - software design\step 6\canadianexperience\canadianexperience\debug\canadian.cf406c07.tlog\link.read.1.tlog
c:\users\aaron\onedrive\documents\msu shit\cse\cse 335 - software design\step 6\canadianexperience\canadianexperience\debug\canadian.cf406c07.tlog\link.write.1.tlog
c:\users\aaron\onedrive\documents\msu shit\cse\cse 335 - software design\step 6\canadianexperience\canadianexperience\debug\canadian.cf406c07.tlog\rc.command.1.tlog
c:\users\aaron\onedrive\documents\msu shit\cse\cse 335 - software design\step 6\canadianexperience\canadianexperience\debug\canadian.cf406c07.tlog\rc.read.1.tlog
c:\users\aaron\onedrive\documents\msu shit\cse\cse 335 - software design\step 6\canadianexperience\canadianexperience\debug\canadian.cf406c07.tlog\rc.write.1.tlog
